#
# There is insufficient memory for the Java Runtime Environment to continue.
# Native memory allocation (mmap) failed to map 264241152 bytes. Error detail: G1 virtual space
# Possible reasons:
#   The system is out of physical RAM or swap space
#   This process is running with CompressedOops enabled, and the Java Heap may be blocking the growth of the native heap
# Possible solutions:
#   Reduce memory load on the system
#   Increase physical memory or swap space
#   Check if swap backing store is full
#   Decrease Java heap size (-Xmx/-Xms)
#   Decrease number of Java threads
#   Decrease Java thread stack sizes (-Xss)
#   Set larger code cache with -XX:ReservedCodeCacheSize=
#   JVM is running with Zero Based Compressed Oops mode in which the Java heap is
#     placed in the first 32GB address space. The Java Heap base address is the
#     maximum limit for the native heap growth. Please use -XX:HeapBaseMinAddress
#     to set the Java Heap base and to place the Java Heap above 32GB virtual address.
# This output file may be truncated or incomplete.
#
#  Out of Memory Error (os_windows.cpp:3815), pid=1568, tid=19204
#
# JRE version:  (21.0.3) (build )
# Java VM: OpenJDK 64-Bit Server VM (21.0.3+-12282718-b509.11, mixed mode, sharing, tiered, compressed oops, compressed class ptrs, g1 gc, windows-amd64)
# No core dump will be written. Minidumps are not enabled by default on client versions of Windows
#

---------------  S U M M A R Y ------------

Command Line: git4idea.http.GitAskPassApp Username for 'https://github.com': 

Host: 11th Gen Intel(R) Core(TM) i5-11400H @ 2.70GHz, 12 cores, 15G,  Windows 11 , 64 bit Build 26100 (10.0.26100.3323)
Time: Fri Mar  7 15:52:27 2025 India Standard Time elapsed time: 1.066211 seconds (0d 0h 0m 1s)

---------------  T H R E A D  ---------------

Current thread (0x000001ee030b0a10):  JavaThread "Unknown thread" [_thread_in_vm, id=19204, stack(0x00000027edc00000,0x00000027edd00000) (1024K)]

Stack: [0x00000027edc00000,0x00000027edd00000]
Native frames: (J=compiled Java code, j=interpreted, Vv=VM code, C=native code)
V  [jvm.dll+0x6cafb9]
V  [jvm.dll+0x858523]
V  [jvm.dll+0x85aa7e]
V  [jvm.dll+0x85b163]
V  [jvm.dll+0x27d356]
V  [jvm.dll+0x6c7865]
V  [jvm.dll+0x6bbd3a]
V  [jvm.dll+0x35199b]
V  [jvm.dll+0x3595d6]
V  [jvm.dll+0x3aa826]
V  [jvm.dll+0x3aaaf8]
V  [jvm.dll+0x3240bc]
V  [jvm.dll+0x324dab]
V  [jvm.dll+0x81fd89]
V  [jvm.dll+0x3b7c08]
V  [jvm.dll+0x80921d]
V  [jvm.dll+0x44c05e]
V  [jvm.dll+0x44d6b1]
C  [jli.dll+0x52ab]
C  [ucrtbase.dll+0x37b0]
C  [KERNEL32.DLL+0x2e8d7]
C  [ntdll.dll+0xbbf6c]


---------------  P R O C E S S  ---------------

Threads class SMR info:
_java_thread_list=0x00007ffa9ce857c8, length=0, elements={
}

Java Threads: ( => current thread )
Total: 0

Other Threads:
  0x000001ee04c3c1c0 WorkerThread "GC Thread#0"                     [id=6848, stack(0x00000027edd00000,0x00000027ede00000) (1024K)]
  0x000001ee04c8bb80 ConcurrentGCThread "G1 Main Marker"            [id=22932, stack(0x00000027ede00000,0x00000027edf00000) (1024K)]
  0x000001ee04c8c680 WorkerThread "G1 Conc#0"                       [id=14972, stack(0x00000027edf00000,0x00000027ee000000) (1024K)]

[error occurred during error reporting (printing all threads), id 0xc0000005, EXCEPTION_ACCESS_VIOLATION (0xc0000005) at pc=0x00007ffa9c687197]
VM state: not at safepoint (not fully initialized)

VM Mutex/Monitor currently owned by a thread:  ([mutex/lock_event])
[0x00007ffa9cef21c8] Heap_lock - owner thread: 0x000001ee030b0a10

Heap address: 0x0000000704000000, size: 4032 MB, Compressed Oops mode: Zero based, Oop shift amount: 3

CDS archive(s) mapped at: [0x0000000000000000-0x0000000000000000-0x0000000000000000), size 0, SharedBaseAddress: 0x0000000800000000, ArchiveRelocationMode: 1.
Narrow klass base: 0x0000000000000000, Narrow klass shift: 0, Narrow klass range: 0x0

GC Precious Log:
 CardTable entry size: 512
 Card Set container configuration: InlinePtr #cards 4 size 8 Array Of Cards #cards 16 size 48 Howl #buckets 8 coarsen threshold 3686 Howl Bitmap #cards 512 size 80 coarsen threshold 460 Card regions per heap region 1 cards per card region 4096

Heap:
 garbage-first heap   total 0K, used 0K [0x0000000704000000, 0x0000000800000000)
  region size 2048K, 0 young (0K), 0 survivors (0K)
 Metaspace       used 0K, committed 0K, reserved 0K
  class space    used 0K, committed 0K, reserved 0K

Heap Regions: E=young(eden), S=young(survivor), O=old, HS=humongous(starts), HC=humongous(continues), CS=collection set, F=free, TAMS=top-at-mark-start, PB=parsable bottom

Card table byte_map: [0x000001ee181a0000,0x000001ee18980000] _byte_map_base: 0x000001ee14980000

Marking Bits: (CMBitMap*) 0x000001ee04c3c8c0
 Bits: [0x000001ee18980000, 0x000001ee1c880000)

GC Heap History (0 events):
No events

Dll operation events (1 events):
Event: 0.023 Loaded shared library C:\Users\makwa\Downloads\aditya\jbr\bin\java.dll

Deoptimization events (0 events):
No events

Classes loaded (0 events):
No events

Classes unloaded (0 events):
No events

Classes redefined (0 events):
No events

Internal exceptions (0 events):
No events

ZGC Phase Switch (0 events):
No events

VM Operations (0 events):
No events

Events (0 events):
No events


Dynamic libraries:
0x00007ff7f81b0000 - 0x00007ff7f81ba000 	C:\Users\makwa\Downloads\aditya\jbr\bin\java.exe
0x00007ffb333e0000 - 0x00007ffb33643000 	C:\WINDOWS\SYSTEM32\ntdll.dll
0x00007ffb32990000 - 0x00007ffb32a57000 	C:\WINDOWS\System32\KERNEL32.DLL
0x00007ffb308c0000 - 0x00007ffb30c89000 	C:\WINDOWS\System32\KERNELBASE.dll
0x00007ffb310b0000 - 0x00007ffb311fc000 	C:\WINDOWS\System32\ucrtbase.dll
0x00007ffa9d390000 - 0x00007ffa9d3ab000 	C:\Users\makwa\Downloads\aditya\jbr\bin\VCRUNTIME140.dll
0x00007ffafae30000 - 0x00007ffafae48000 	C:\Users\makwa\Downloads\aditya\jbr\bin\jli.dll
0x00007ffb313a0000 - 0x00007ffb3156a000 	C:\WINDOWS\System32\USER32.dll
0x00007ffb30890000 - 0x00007ffb308b7000 	C:\WINDOWS\System32\win32u.dll
0x00007ffb14a40000 - 0x00007ffb14cd0000 	C:\WINDOWS\WinSxS\amd64_microsoft.windows.common-controls_6595b64144ccf1df_6.0.26100.3323_none_3e088096e3344490\COMCTL32.dll
0x00007ffb33360000 - 0x00007ffb3338a000 	C:\WINDOWS\System32\GDI32.dll
0x00007ffb312a0000 - 0x00007ffb31349000 	C:\WINDOWS\System32\msvcrt.dll
0x00007ffb30eb0000 - 0x00007ffb30fe1000 	C:\WINDOWS\System32\gdi32full.dll
0x00007ffb30e00000 - 0x00007ffb30ea3000 	C:\WINDOWS\System32\msvcp_win.dll
0x00007ffb32a90000 - 0x00007ffb32abf000 	C:\WINDOWS\System32\IMM32.DLL
0x00007ffb2b3d0000 - 0x00007ffb2b3dc000 	C:\Users\makwa\Downloads\aditya\jbr\bin\vcruntime140_1.dll
0x00007ffa9afc0000 - 0x00007ffa9b04d000 	C:\Users\makwa\Downloads\aditya\jbr\bin\msvcp140.dll
0x00007ffa9c350000 - 0x00007ffa9cfcd000 	C:\Users\makwa\Downloads\aditya\jbr\bin\server\jvm.dll
0x00007ffb31c70000 - 0x00007ffb31d22000 	C:\WINDOWS\System32\ADVAPI32.dll
0x00007ffb32af0000 - 0x00007ffb32b96000 	C:\WINDOWS\System32\sechost.dll
0x00007ffb31ab0000 - 0x00007ffb31bc6000 	C:\WINDOWS\System32\RPCRT4.dll
0x00007ffb31220000 - 0x00007ffb31294000 	C:\WINDOWS\System32\WS2_32.dll
0x00007ffb30470000 - 0x00007ffb304be000 	C:\WINDOWS\SYSTEM32\POWRPROF.dll
0x00007ffb26790000 - 0x00007ffb267c6000 	C:\WINDOWS\SYSTEM32\WINMM.dll
0x00007ffb262e0000 - 0x00007ffb262eb000 	C:\WINDOWS\SYSTEM32\VERSION.dll
0x00007ffb30450000 - 0x00007ffb30464000 	C:\WINDOWS\SYSTEM32\UMPDC.dll
0x00007ffb2f400000 - 0x00007ffb2f41a000 	C:\WINDOWS\SYSTEM32\kernel.appcore.dll
0x00007ffaf0530000 - 0x00007ffaf053a000 	C:\Users\makwa\Downloads\aditya\jbr\bin\jimage.dll
0x00007ffb2d470000 - 0x00007ffb2d6b1000 	C:\WINDOWS\SYSTEM32\DBGHELP.DLL
0x00007ffb31570000 - 0x00007ffb318f2000 	C:\WINDOWS\System32\combase.dll
0x00007ffb32830000 - 0x00007ffb32906000 	C:\WINDOWS\System32\OLEAUT32.dll
0x00007ffb154a0000 - 0x00007ffb154d9000 	C:\WINDOWS\SYSTEM32\dbgcore.DLL
0x00007ffb307f0000 - 0x00007ffb30889000 	C:\WINDOWS\System32\bcryptPrimitives.dll
0x00007ffa9c330000 - 0x00007ffa9c34f000 	C:\Users\makwa\Downloads\aditya\jbr\bin\java.dll

dbghelp: loaded successfully - version: 4.0.5 - missing functions: none
symbol engine: initialized successfully - sym options: 0x614 - pdb path: .;C:\Users\makwa\Downloads\aditya\jbr\bin;C:\WINDOWS\SYSTEM32;C:\WINDOWS\WinSxS\amd64_microsoft.windows.common-controls_6595b64144ccf1df_6.0.26100.3323_none_3e088096e3344490;C:\Users\makwa\Downloads\aditya\jbr\bin\server

VM Arguments:
java_command: git4idea.http.GitAskPassApp Username for 'https://github.com': 
java_class_path (initial): C:/Users/makwa/Downloads/aditya/plugins/vcs-git/lib/git4idea-rt.jar;C:/Users/makwa/Downloads/aditya/lib/externalProcess-rt.jar
Launcher Type: SUN_STANDARD

[Global flags]
     intx CICompilerCount                          = 4                                         {product} {ergonomic}
     uint ConcGCThreads                            = 3                                         {product} {ergonomic}
     uint G1ConcRefinementThreads                  = 10                                        {product} {ergonomic}
   size_t G1HeapRegionSize                         = 2097152                                   {product} {ergonomic}
    uintx GCDrainStackTargetSize                   = 64                                        {product} {ergonomic}
   size_t InitialHeapSize                          = 264241152                                 {product} {ergonomic}
   size_t MarkStackSize                            = 4194304                                   {product} {ergonomic}
   size_t MaxHeapSize                              = 4227858432                                {product} {ergonomic}
   size_t MinHeapDeltaBytes                        = 2097152                                   {product} {ergonomic}
   size_t MinHeapSize                              = 8388608                                   {product} {ergonomic}
    uintx NonNMethodCodeHeapSize                   = 5839372                                {pd product} {ergonomic}
    uintx NonProfiledCodeHeapSize                  = 122909434                              {pd product} {ergonomic}
    uintx ProfiledCodeHeapSize                     = 122909434                              {pd product} {ergonomic}
    uintx ReservedCodeCacheSize                    = 251658240                              {pd product} {ergonomic}
     bool SegmentedCodeCache                       = true                                      {product} {ergonomic}
   size_t SoftMaxHeapSize                          = 4227858432                             {manageable} {ergonomic}
     bool UseCompressedOops                        = true                           {product lp64_product} {ergonomic}
     bool UseG1GC                                  = true                                      {product} {ergonomic}
     bool UseLargePagesIndividualAllocation        = false                                  {pd product} {ergonomic}

Logging:
Log output configuration:
 #0: stdout all=warning uptime,level,tags foldmultilines=false
 #1: stderr all=off uptime,level,tags foldmultilines=false

Environment Variables:
PATH=C:/Program Files/Git/mingw64/libexec/git-core;C:/Program Files/Git/mingw64/libexec/git-core;C:\Program Files\Git\mingw64\bin;C:\Program Files\Git\usr\bin;C:\Users\makwa\bin;C:\Program Files\Common Files\Oracle\Java\javapath;C:\Windows\system32;C:\Windows;C:\Windows\System32\Wbem;C:\Windows\System32\WindowsPowerShell\v1.0\;C:\Windows\System32\OpenSSH\;C:\Program Files (x86)\NVIDIA Corporation\PhysX\Common;C:\Program Files\NVIDIA Corporation\NVIDIA NvDLISR;C:\WINDOWS\system32;C:\WINDOWS;C:\WINDOWS\System32\Wbem;C:\WINDOWS\System32\WindowsPowerShell\v1.0\;C:\WINDOWS\System32\OpenSSH\;C:\Program Files\Java\jdk-23\bin;C:\Program Files\Git\cmd;C:\Program Files\dotnet\;C:\Users\makwa\AppData\Local\Programs\Python\Python313\Scripts\;C:\Users\makwa\AppData\Local\Programs\Python\Python313\;C:\Users\makwa\AppData\Local\Microsoft\WindowsApps;C:\Users\makwa\AppData\Local\Programs\Microsoft VS Code\bin;C:\Users\makwa\AppData\Local\Programs\cursor\resources\app\bin
USERNAME=makwa
DISPLAY=:0.0
LC_ALL=en_US.UTF-8
TERM=xterm-256color
TMPDIR=C:\Users\makwa\AppData\Local\Temp
OS=Windows_NT
PROCESSOR_IDENTIFIER=Intel64 Family 6 Model 141 Stepping 1, GenuineIntel
TMP=C:\Users\makwa\AppData\Local\Temp
TEMP=C:\Users\makwa\AppData\Local\Temp




Periodic native trim disabled

JNI global refs:
JNI global refs: 0, weak refs: 0

JNI global refs memory usage: 0, weak refs: 0

Process memory usage:
Resident Set Size: 12996K (0% of 16508224K total physical memory with 2666088K free physical memory)

OOME stack traces (most recent first):
Classloader memory used:

---------------  S Y S T E M  ---------------

OS:
 Windows 11 , 64 bit Build 26100 (10.0.26100.3323)
OS uptime: 0 days 2:49 hours
Hyper-V role detected

CPU: total 12 (initial active 12) (6 cores per cpu, 2 threads per core) family 6 model 141 stepping 1 microcode 0x50, cx8, cmov, fxsr, ht, mmx, 3dnowpref, sse, sse2, sse3, ssse3, sse4.1, sse4.2, popcnt, lzcnt, tsc, tscinvbit, avx, avx2, aes, erms, clmul, bmi1, bmi2, adx, avx512f, avx512dq, avx512cd, avx512bw, avx512vl, sha, fma, vzeroupper, avx512_vpopcntdq, avx512_vpclmulqdq, avx512_vaes, avx512_vnni, clflush, clflushopt, clwb, avx512_vbmi2, avx512_vbmi, hv, rdtscp, rdpid, fsrm, gfni, avx512_bitalg, f16c, cet_ibt, cet_ss, avx512_ifma
Processor Information for processor 0
  Max Mhz: 2688, Current Mhz: 2688, Mhz Limit: 2688
Processor Information for processor 1
  Max Mhz: 2688, Current Mhz: 2688, Mhz Limit: 2688
Processor Information for processor 2
  Max Mhz: 2688, Current Mhz: 2688, Mhz Limit: 2688
Processor Information for processor 3
  Max Mhz: 2688, Current Mhz: 2688, Mhz Limit: 2688
Processor Information for processor 4
  Max Mhz: 2688, Current Mhz: 1493, Mhz Limit: 2688
Processor Information for processor 5
  Max Mhz: 2688, Current Mhz: 1493, Mhz Limit: 2688
Processor Information for processor 6
  Max Mhz: 2688, Current Mhz: 2688, Mhz Limit: 2688
Processor Information for processor 7
  Max Mhz: 2688, Current Mhz: 2688, Mhz Limit: 2688
Processor Information for processor 8
  Max Mhz: 2688, Current Mhz: 2688, Mhz Limit: 2688
Processor Information for processor 9
  Max Mhz: 2688, Current Mhz: 2688, Mhz Limit: 2688
Processor Information for processor 10
  Max Mhz: 2688, Current Mhz: 1493, Mhz Limit: 2688
Processor Information for processor 11
  Max Mhz: 2688, Current Mhz: 1493, Mhz Limit: 2688

Memory: 4k page, system-wide physical 16121M (2603M free)
TotalPageFile size 22121M (AvailPageFile size 190M)
current process WorkingSet (physical memory assigned to process): 12M, peak: 12M
current process commit charge ("private bytes"): 64M, peak: 316M

vm_info: OpenJDK 64-Bit Server VM (21.0.3+-12282718-b509.11) for windows-amd64 JRE (21.0.3+-12282718-b509.11), built on 2024-08-27T17:34:15Z by "builder" with MS VC++ 16.10 / 16.11 (VS2019)

END.
